<?xml version="1.0" encoding="UTF-8"?>
<testng-results skipped="0" failed="0" total="1" passed="1">
  <reporter-output>
  </reporter-output>
  <suite name="Default suite" duration-ms="16308" started-at="2016-01-08T02:34:35Z" finished-at="2016-01-08T02:34:52Z">
    <groups>
    </groups>
    <test name="Default test" duration-ms="16308" started-at="2016-01-08T02:34:35Z" finished-at="2016-01-08T02:34:52Z">
      <class name="com.zoo.cli.BlankSeleniumTest">
        <test-method status="PASS" signature="beforeTest()[pri:0, instance:com.zoo.cli.BlankSeleniumTest@818063]" name="beforeTest" is-config="true" duration-ms="14476" started-at="2016-01-07T18:34:35Z" finished-at="2016-01-07T18:34:50Z">
          <reporter-output>
          </reporter-output>
        </test-method> <!-- beforeTest -->
        <test-method status="PASS" signature="ActualBlankSeleniumTest()[pri:0, instance:com.zoo.cli.BlankSeleniumTest@818063]" name="ActualBlankSeleniumTest" duration-ms="1809" started-at="2016-01-07T18:34:50Z" finished-at="2016-01-07T18:34:52Z">
          <reporter-output>
          </reporter-output>
        </test-method> <!-- ActualBlankSeleniumTest -->
        <test-method status="PASS" signature="afterTest()[pri:0, instance:com.zoo.cli.BlankSeleniumTest@818063]" name="afterTest" is-config="true" duration-ms="0" started-at="2016-01-07T18:34:52Z" finished-at="2016-01-07T18:34:52Z">
          <reporter-output>
          </reporter-output>
        </test-method> <!-- afterTest -->
      </class> <!-- com.zoo.cli.BlankSeleniumTest -->
    </test> <!-- Default test -->
  </suite> <!-- Default suite -->
</testng-results>
