<?xml version="1.0" encoding="UTF-8"?>
<testng-results skipped="0" failed="0" total="1" passed="1">
  <reporter-output>
  </reporter-output>
  <suite name="Default suite" duration-ms="8172" started-at="2016-01-05T04:52:52Z" finished-at="2016-01-05T04:53:01Z">
    <groups>
    </groups>
    <test name="Default test" duration-ms="8172" started-at="2016-01-05T04:52:52Z" finished-at="2016-01-05T04:53:01Z">
      <class name="com.zoo.cli.BlankSeleniumTest">
        <test-method status="PASS" signature="beforeTest()[pri:0, instance:com.zoo.cli.BlankSeleniumTest@818063]" name="beforeTest" is-config="true" duration-ms="6226" started-at="2016-01-04T20:52:53Z" finished-at="2016-01-04T20:52:59Z">
          <reporter-output>
          </reporter-output>
        </test-method> <!-- beforeTest -->
        <test-method status="PASS" signature="ActualBlankSeleniumTest()[pri:0, instance:com.zoo.cli.BlankSeleniumTest@818063]" name="ActualBlankSeleniumTest" duration-ms="1926" started-at="2016-01-04T20:52:59Z" finished-at="2016-01-04T20:53:01Z">
          <reporter-output>
          </reporter-output>
        </test-method> <!-- ActualBlankSeleniumTest -->
        <test-method status="PASS" signature="afterTest()[pri:0, instance:com.zoo.cli.BlankSeleniumTest@818063]" name="afterTest" is-config="true" duration-ms="0" started-at="2016-01-04T20:53:01Z" finished-at="2016-01-04T20:53:01Z">
          <reporter-output>
          </reporter-output>
        </test-method> <!-- afterTest -->
      </class> <!-- com.zoo.cli.BlankSeleniumTest -->
    </test> <!-- Default test -->
  </suite> <!-- Default suite -->
</testng-results>
